<?xml version="1.0" encoding="UTF-8" ?>
<testsuites disabled="0" errors="0" failures="0" tests="5" time="54.336">
 <testsuite name="Buy Test" timestamp="2021-02-18T13:25:55" hostname="localhost" time="54.336" errors="0" tests="5" skipped="0" disabled="0" failures="0">
  <testcase classname="Buy Test" name="login" time="12.455" />
  <testcase classname="Buy Test" name="current investment opper" time="7.946" />
  <testcase classname="Buy Test" name="upcomming auction" time="8.692" />
  <testcase classname="Buy Test" name="View all" time="9.952" />
  <testcase classname="Buy Test" name="navigate to homepage" time="15.283" />
 </testsuite>
</testsuites>