<?xml version="1.0" encoding="UTF-8" ?>
<testsuites disabled="0" errors="0" failures="1" tests="3" time="55.054">
 <testsuite name="Buy Test" timestamp="2021-03-09T18:38:08" hostname="localhost" time="55.054" errors="0" tests="3" skipped="0" disabled="0" failures="1">
  <testcase classname="Buy Test" name="login" time="11.877" />
  <testcase classname="Buy Test" name="View all" time="8.935">
   <failure type="toBe" message="Expected false to be true."><![CDATA[Error: Failed expectation
    at C:\Users\HP\Documents\atif\Projects\protractor_demo\protractor\pages\BuyOC.js:114:47
    at ManagedPromise.invokeCallback_ (C:\Users\HP\AppData\Roaming\npm\node_modules\protractor\node_modules\selenium-webdriver\lib\promise.js:1376:14)
    at TaskQueue.execute_ (C:\Users\HP\AppData\Roaming\npm\node_modules\protractor\node_modules\selenium-webdriver\lib\promise.js:3084:14)
    at TaskQueue.executeNext_ (C:\Users\HP\AppData\Roaming\npm\node_modules\protractor\node_modules\selenium-webdriver\lib\promise.js:3067:27)
    at C:\Users\HP\AppData\Roaming\npm\node_modules\protractor\node_modules\selenium-webdriver\lib\promise.js:2927:27
    at C:\Users\HP\AppData\Roaming\npm\node_modules\protractor\node_modules\selenium-webdriver\lib\promise.js:668:7
    at processTicksAndRejections (internal/process/task_queues.js:93:5)]]>
   </failure>
  </testcase>
  <testcase classname="Buy Test" name="property new tab" time="34.235" />
 </testsuite>
</testsuites>